<?xml version="1.0" encoding="UTF-8"?>
<!-- Generated by org.testng.reporters.JUnitReportReporter -->
<testsuite skipped="0" hostname="admin-PC" name="testNg.dependencees" tests="3" failures="0" timestamp="19 Jun 2021 12:18:42 GMT" time="0.015" errors="0">
  <testcase name="highschool" time="0.009" classname="testNg.dependencees"/>
  <testcase name="degree" time="0.003" classname="testNg.dependencees"/>
  <testcase name="secondary" time="0.003" classname="testNg.dependencees"/>
</testsuite> <!-- testNg.dependencees -->
