<?xml version="1.0" encoding="UTF-8"?>
<!-- Generated by org.testng.reporters.JUnitReportReporter -->
<testsuite skipped="0" hostname="admin-PC" name="testNg.suitewriting" tests="3" failures="0" timestamp="19 Jun 2021 12:18:42 GMT" time="14.895" errors="0">
  <testcase name="opencowin" time="4.218" classname="testNg.suitewriting"/>
  <testcase name="opengoogle" time="6.138" classname="testNg.suitewriting"/>
  <testcase name="openiocl" time="4.539" classname="testNg.suitewriting"/>
</testsuite> <!-- testNg.suitewriting -->
