<?xml version="1.0" encoding="UTF-8"?>
<!-- Generated by org.testng.reporters.JUnitReportReporter -->
<testsuite skipped="0" hostname="admin-PC" name="testNg.NewTest" tests="2" failures="0" timestamp="20 Jun 2021 06:42:44 GMT" time="0.088" errors="0">
  <testcase name="test2" time="0.017" classname="testNg.NewTest"/>
  <testcase name="test" time="0.071" classname="testNg.NewTest"/>
</testsuite> <!-- testNg.NewTest -->
