<?xml version="1.0" encoding="UTF-8"?>
<!-- Generated by org.testng.reporters.JUnitReportReporter -->
<testsuite skipped="0" hostname="admin-PC" name="testNg.grouping" tests="4" failures="0" timestamp="20 Jun 2021 04:42:14 GMT" time="0.057" errors="0">
  <testcase name="moto2" time="0.004" classname="testNg.grouping"/>
  <testcase name="vivo1" time="0.004" classname="testNg.grouping"/>
  <testcase name="moto1" time="0.045" classname="testNg.grouping"/>
  <testcase name="vivo2" time="0.004" classname="testNg.grouping"/>
</testsuite> <!-- testNg.grouping -->
