<?xml version="1.0" encoding="UTF-8"?>
<!-- Generated by org.testng.reporters.JUnitReportReporter -->
<testsuite skipped="0" hostname="admin-PC" name="testNg.listenging2" tests="1" failures="0" timestamp="20 Jun 2021 07:24:44 GMT" time="0.028" errors="0">
  <testcase name="help" time="0.028" classname="testNg.listenging2"/>
</testsuite> <!-- testNg.listenging2 -->
