<?xml version="1.0" encoding="UTF-8"?>
<!-- Generated by org.testng.reporters.JUnitReportReporter -->
<testsuite skipped="1" hostname="admin-PC" name="testNg.sampletestng" tests="4" failures="0" timestamp="19 Jun 2021 12:18:42 GMT" time="0.009" errors="0">
  <testcase name="firsttest" time="0.004" classname="testNg.sampletestng"/>
  <testcase name="thirdtest" time="0.003" classname="testNg.sampletestng"/>
  <testcase name="fourthtest" time="0.002" classname="testNg.sampletestng"/>
  <testcase name="secondtest" classname="testNg.sampletestng">
    <skipped/>
  </testcase> <!-- secondtest -->
</testsuite> <!-- testNg.sampletestng -->
