<?xml version="1.0" encoding="UTF-8"?>
<!-- Generated by org.testng.reporters.JUnitReportReporter -->
<testsuite skipped="0" hostname="admin-PC" name="testNg.paramertisation" tests="1" failures="0" timestamp="20 Jun 2021 05:27:58 GMT" time="0.022" errors="0">
  <testcase name="print" time="0.022" classname="testNg.paramertisation"/>
</testsuite> <!-- testNg.paramertisation -->
